TN:
SF:ts_src/browser.ts
FN:2,(anonymous_0)
FN:5,(anonymous_1)
FN:18,toHex
FN:22,_toHexIterPerf
FN:30,_toHexLengthPerf
FN:42,fromHex
FN:59,compare
FNF:7
FNH:7
FNDA:22,(anonymous_0)
FNDA:256,(anonymous_1)
FNDA:3,toHex
FNDA:2,_toHexIterPerf
FNDA:1,_toHexLengthPerf
FNDA:9,fromHex
FNDA:7,compare
DA:1,1
DA:2,22
DA:3,1
DA:6,256
DA:7,256
DA:9,256
DA:11,1
DA:12,1
DA:18,1
DA:19,3
DA:20,3
DA:23,2
DA:24,2
DA:25,2
DA:26,2
DA:28,2
DA:31,1
DA:32,1
DA:33,513
DA:34,513
DA:36,1
DA:42,1
DA:43,9
DA:44,9
DA:46,9
DA:47,10
DA:48,10
DA:49,10
DA:50,4
DA:52,6
DA:54,9
DA:59,1
DA:60,7
DA:61,7
DA:62,12
DA:63,4
DA:66,3
LF:37
LH:37
BRDA:9,0,0,234
BRDA:9,0,1,22
BRDA:9,1,0,16
BRDA:9,1,1,6
BRDA:19,2,0,3
BRDA:19,2,1,1
BRDA:20,3,0,1
BRDA:20,3,1,2
BRDA:43,4,0,9
BRDA:43,4,1,4
BRDA:49,5,0,4
BRDA:49,6,0,10
BRDA:49,6,1,8
BRDA:54,7,0,5
BRDA:54,7,1,4
BRDA:62,8,0,4
BRDA:63,9,0,2
BRDA:63,9,1,2
BRDA:66,10,0,1
BRDA:66,10,1,2
BRDA:66,11,0,1
BRDA:66,11,1,1
BRF:22
BRH:22
end_of_record
TN:
SF:ts_src/index.ts
FN:1,toHex
FN:5,fromHex
FN:10,compare
FNF:3
FNH:3
FNDA:3,toHex
FNDA:9,fromHex
FNDA:7,compare
DA:1,1
DA:2,3
DA:5,1
DA:6,9
DA:10,1
DA:11,7
LF:6
LH:6
BRDA:2,0,0,3
BRDA:2,0,1,1
BRDA:6,1,0,9
BRDA:6,1,1,4
BRF:4
BRH:4
end_of_record
